<?xml version="1.0" encoding="UTF-8"?>
<!-- Generated by org.testng.reporters.JUnitReportReporter -->
<testsuite hostname="hp" failures="0" tests="2" name="com.MyStore.TestCases.TC_MyAccountPageTest" time="2.888" errors="0" timestamp="2023-02-27T19:48:23 IST" skipped="1">
  <testcase classname="com.MyStore.TestCases.TC_MyAccountPageTest" name="verifyLogin" time="2.888"/>
  <system-out/>
  <testcase classname="com.MyStore.TestCases.TC_MyAccountPageTest" name="verifyRegistrationAndLogin">
    <skipped/>
  </testcase> <!-- verifyRegistrationAndLogin -->
  <system-out/>
</testsuite> <!-- com.MyStore.TestCases.TC_MyAccountPageTest -->
